# JRE version: OpenJDK Runtime Environment (17.0.7) (build 17.0.7+0-b2043.56-10550314)
# Java VM: OpenJDK 64-Bit Server VM (17.0.7+0-b2043.56-10550314, mixed mode, tiered, compressed oops, compressed class ptrs, g1 gc, windows-amd64)
GC Precious Log:
 CPUs: 16 total, 16 available
 Memory: 15774M
 Large Page Support: Disabled
 NUMA Support: Disabled
 Compressed Oops: Enabled (32-bit)
 Heap Region Size: 1M
 Heap Min Capacity: 8M
 Heap Initial Capacity: 248M
 Heap Max Capacity: 2G
 Pre-touch: Disabled
 Parallel Workers: 13
 Concurrent Workers: 3
 Concurrent Refinement Workers: 13
 Periodic GC: Disabled
Heap:
 garbage-first heap   total 451584K, used 236435K [0x0000000080000000, 0x0000000100000000)
  region size 1024K, 22 young (22528K), 18 survivors (18432K)
 Metaspace       used 157400K, committed 158336K, reserved 1245184K
  class space    used 20343K, committed 20800K, reserved 1048576K
GC Heap History (20 events):
Event: 11.029 GC heap before
{Heap before GC invocations=56 (full 0):
 garbage-first heap   total 226304K, used 170478K [0x0000000080000000, 0x0000000100000000)
  region size 1024K, 37 young (37888K), 2 survivors (2048K)
 Metaspace       used 129538K, committed 130368K, reserved 1179648K
  class space    used 16636K, committed 17024K, reserved 1048576K
}
Event: 11.032 GC heap after
{Heap after GC invocations=57 (full 0):
 garbage-first heap   total 226304K, used 138343K [0x0000000080000000, 0x0000000100000000)
  region size 1024K, 5 young (5120K), 5 survivors (5120K)
 Metaspace       used 129538K, committed 130368K, reserved 1179648K
  class space    used 16636K, committed 17024K, reserved 1048576K
}
Event: 11.366 GC heap before
{Heap before GC invocations=58 (full 0):
 garbage-first heap   total 261120K, used 193639K [0x0000000080000000, 0x0000000100000000)
  region size 1024K, 54 young (55296K), 5 survivors (5120K)
 Metaspace       used 132420K, committed 133248K, reserved 1179648K
  class space    used 17039K, committed 17408K, reserved 1048576K
}
Event: 11.370 GC heap after
{Heap after GC invocations=59 (full 0):
 garbage-first heap   total 261120K, used 141473K [0x0000000080000000, 0x0000000100000000)
  region size 1024K, 7 young (7168K), 7 survivors (7168K)
 Metaspace       used 132420K, committed 133248K, reserved 1179648K
  class space    used 17039K, committed 17408K, reserved 1048576K
}
Event: 11.408 GC heap before
{Heap before GC invocations=59 (full 0):
 garbage-first heap   total 261120K, used 145569K [0x0000000080000000, 0x0000000100000000)
  region size 1024K, 12 young (12288K), 7 survivors (7168K)
 Metaspace       used 132835K, committed 133632K, reserved 1179648K
  class space    used 17089K, committed 17472K, reserved 1048576K
}
Event: 11.410 GC heap after
{Heap after GC invocations=60 (full 0):
 garbage-first heap   total 261120K, used 136106K [0x0000000080000000, 0x0000000100000000)
  region size 1024K, 1 young (1024K), 1 survivors (1024K)
 Metaspace       used 132835K, committed 133632K, reserved 1179648K
  class space    used 17089K, committed 17472K, reserved 1048576K
}
Event: 11.834 GC heap before
{Heap before GC invocations=60 (full 0):
 garbage-first heap   total 261120K, used 204714K [0x0000000080000000, 0x0000000100000000)
  region size 1024K, 69 young (70656K), 1 survivors (1024K)
 Metaspace       used 134176K, committed 134912K, reserved 1179648K
  class space    used 17253K, committed 17600K, reserved 1048576K
}
Event: 11.839 GC heap after
{Heap after GC invocations=61 (full 0):
 garbage-first heap   total 261120K, used 148953K [0x0000000080000000, 0x0000000100000000)
  region size 1024K, 9 young (9216K), 9 survivors (9216K)
 Metaspace       used 134176K, committed 134912K, reserved 1179648K
  class space    used 17253K, committed 17600K, reserved 1048576K
}
Event: 12.050 GC heap before
{Heap before GC invocations=61 (full 0):
 garbage-first heap   total 261120K, used 208345K [0x0000000080000000, 0x0000000100000000)
  region size 1024K, 66 young (67584K), 9 survivors (9216K)
 Metaspace       used 134312K, committed 135040K, reserved 1179648K
  class space    used 17253K, committed 17600K, reserved 1048576K
}
Event: 12.055 GC heap after
{Heap after GC invocations=62 (full 0):
 garbage-first heap   total 261120K, used 155620K [0x0000000080000000, 0x0000000100000000)
  region size 1024K, 6 young (6144K), 6 survivors (6144K)
 Metaspace       used 134312K, committed 135040K, reserved 1179648K
  class space    used 17253K, committed 17600K, reserved 1048576K
}
Event: 12.484 GC heap before
{Heap before GC invocations=62 (full 0):
 garbage-first heap   total 261120K, used 211940K [0x0000000080000000, 0x0000000100000000)
  region size 1024K, 61 young (62464K), 6 survivors (6144K)
 Metaspace       used 135700K, committed 136512K, reserved 1179648K
  class space    used 17314K, committed 17664K, reserved 1048576K
}
Event: 12.489 GC heap after
{Heap after GC invocations=63 (full 0):
 garbage-first heap   total 451584K, used 162698K [0x0000000080000000, 0x0000000100000000)
  region size 1024K, 8 young (8192K), 8 survivors (8192K)
 Metaspace       used 135700K, committed 136512K, reserved 1179648K
  class space    used 17314K, committed 17664K, reserved 1048576K
}
Event: 13.878 GC heap before
{Heap before GC invocations=63 (full 0):
 garbage-first heap   total 451584K, used 348042K [0x0000000080000000, 0x0000000100000000)
  region size 1024K, 163 young (166912K), 8 survivors (8192K)
 Metaspace       used 149008K, committed 149824K, reserved 1179648K
  class space    used 19263K, committed 19648K, reserved 1048576K
}
Event: 13.887 GC heap after
{Heap after GC invocations=64 (full 0):
 garbage-first heap   total 451584K, used 190031K [0x0000000080000000, 0x0000000100000000)
  region size 1024K, 20 young (20480K), 20 survivors (20480K)
 Metaspace       used 149008K, committed 149824K, reserved 1179648K
  class space    used 19263K, committed 19648K, reserved 1048576K
}
Event: 15.056 GC heap before
{Heap before GC invocations=64 (full 0):
 garbage-first heap   total 451584K, used 360015K [0x0000000080000000, 0x0000000100000000)
  region size 1024K, 183 young (187392K), 20 survivors (20480K)
 Metaspace       used 150373K, committed 151232K, reserved 1245184K
  class space    used 19438K, committed 19840K, reserved 1048576K
}
Event: 15.070 GC heap after
{Heap after GC invocations=65 (full 0):
 garbage-first heap   total 451584K, used 212907K [0x0000000080000000, 0x0000000100000000)
  region size 1024K, 23 young (23552K), 23 survivors (23552K)
 Metaspace       used 150373K, committed 151232K, reserved 1245184K
  class space    used 19438K, committed 19840K, reserved 1048576K
}
Event: 17.090 GC heap before
{Heap before GC invocations=65 (full 0):
 garbage-first heap   total 451584K, used 350123K [0x0000000080000000, 0x0000000100000000)
  region size 1024K, 157 young (160768K), 23 survivors (23552K)
 Metaspace       used 150382K, committed 151232K, reserved 1245184K
  class space    used 19439K, committed 19840K, reserved 1048576K
}
Event: 17.098 GC heap after
{Heap after GC invocations=66 (full 0):
 garbage-first heap   total 451584K, used 221527K [0x0000000080000000, 0x0000000100000000)
  region size 1024K, 8 young (8192K), 8 survivors (8192K)
 Metaspace       used 150382K, committed 151232K, reserved 1245184K
  class space    used 19439K, committed 19840K, reserved 1048576K
}
Event: 18.380 GC heap before
{Heap before GC invocations=66 (full 0):
 garbage-first heap   total 451584K, used 377175K [0x0000000080000000, 0x0000000100000000)
  region size 1024K, 143 young (146432K), 8 survivors (8192K)
 Metaspace       used 157128K, committed 158016K, reserved 1245184K
  class space    used 20311K, committed 20736K, reserved 1048576K
}
Event: 18.388 GC heap after
{Heap after GC invocations=67 (full 0):
 garbage-first heap   total 451584K, used 233363K [0x0000000080000000, 0x0000000100000000)
  region size 1024K, 18 young (18432K), 18 survivors (18432K)
 Metaspace       used 157128K, committed 158016K, reserved 1245184K
  class space    used 20311K, committed 20736K, reserved 1048576K
}

